Attention: Next.js now collects completely anonymous telemetry regarding usage.
This information is used to shape Next.js' roadmap and prioritize features.
You can learn more, including how to opt-out if you'd not like to participate in this anonymous program, by visiting the following URL:
https://nextjs.org/telemetry

  ▲ Next.js 14.2.28
  - Experiments (use with caution):
    · outputFileTracingRoot

   Creating an optimized production build ...
 ✓ Compiled successfully
   Skipping linting
   Checking validity of types ...
   Collecting page data ...
   Generating static pages (0/14) ...
   Generating static pages (3/14) 
   Generating static pages (6/14) 
   Generating static pages (10/14) 
 ✓ Generating static pages (14/14)
   Finalizing page optimization ...
   Collecting build traces ...

Route (app)                              Size     First Load JS
┌ ○ /                                    614 B          97.5 kB
├ ○ /_not-found                          873 B          88.1 kB
├ ƒ /api/auth/[...nextauth]              0 B                0 B
├ ƒ /api/signup                          0 B                0 B
├ ○ /dashboard                           3.27 kB         107 kB
├ ○ /generate-prd                        3.79 kB         122 kB
├ ○ /generate-prompt                     6.79 kB         125 kB
├ ○ /idea-catalog                        4.87 kB         123 kB
├ ○ /login                               2.5 kB          116 kB
├ ○ /my-documents                        4.94 kB         132 kB
├ ○ /showcase                            10.9 kB         129 kB
├ ○ /signup                              2.75 kB         116 kB
└ ○ /super-prompt                        6.5 kB          125 kB
+ First Load JS shared by all            87.2 kB
  ├ chunks/117-0fa640e64234fbf0.js       31.6 kB
  ├ chunks/fd9d1056-9e191f0896c1d560.js  53.6 kB
  └ other shared chunks (total)          1.96 kB


○  (Static)   prerendered as static content
ƒ  (Dynamic)  server-rendered on demand

Successfully built app artifact
