  ▲ Next.js 14.2.28
  - Local:        http://localhost:3000
  - Environments: .env
  - Experiments (use with caution):
    · outputFileTracingRoot

 ✓ Starting...
 ✓ Ready in 1460ms
 ○ Compiling / ...
 ✓ Compiled / in 1451ms (545 modules)
 GET / 200 in 1509ms
 ✓ Compiled in 355ms (280 modules)
 ○ Compiling /api/auth/[...nextauth] ...
 ✓ Compiled /api/auth/[...nextauth] in 838ms (506 modules)
 GET /api/auth/providers 200 in 1261ms
 GET / 200 in 96ms
 GET /api/auth/session 200 in 30ms
 ○ Compiling /login ...
 ✓ Compiled /login in 831ms (856 modules)
 GET /api/auth/session 200 in 923ms
 ✓ Compiled /signup in 283ms (862 modules)
 GET /signup 200 in 372ms
 GET /api/auth/session 200 in 39ms
 GET /api/auth/session 200 in 17ms
 GET /login 200 in 34ms
 GET /api/auth/session 200 in 30ms
 GET /api/auth/session 200 in 18ms
 GET /api/auth/csrf 200 in 27ms
 ✓ Compiled /api/signup in 197ms (578 modules)
 POST /api/signup 200 in 651ms
 GET / 200 in 55ms
 GET /api/auth/csrf 200 in 43ms
 POST /api/auth/callback/credentials 302 in 314ms
 ○ Compiling /dashboard ...
 ✓ Compiled /dashboard in 528ms (962 modules)
 GET /dashboard 200 in 607ms
 GET / 200 in 34ms
 GET /dashboard 200 in 42ms
 GET /api/auth/session 200 in 42ms
 GET /api/auth/session 200 in 24ms
 GET /api/auth/session 200 in 21ms
 GET /api/auth/session 200 in 21ms
 GET /api/auth/session 200 in 20ms
 ○ Compiling /my-documents ...
 ✓ Compiled /my-documents in 1536ms (1203 modules)
 GET /generate-prompt 200 in 1790ms
 GET /my-documents 200 in 1779ms
 GET /super-prompt 200 in 1781ms
 GET /generate-prd 200 in 1790ms
 GET /idea-catalog 200 in 1793ms
 GET /showcase 200 in 1787ms
 GET /api/auth/session 200 in 70ms
 GET /api/auth/session 200 in 29ms
 GET /api/auth/session 200 in 33ms
 GET /api/auth/session 200 in 27ms
 GET /api/auth/session 200 in 39ms
 GET /api/auth/session 200 in 45ms
 GET /api/auth/session 200 in 36ms
 GET /api/auth/session 200 in 43ms
 GET /api/auth/session 200 in 34ms
 GET /api/auth/session 200 in 33ms
 GET /api/auth/session 200 in 50ms
 GET /api/auth/session 200 in 38ms
 GET /api/auth/session 200 in 41ms
 GET /api/auth/session 200 in 63ms
 GET /api/auth/session 200 in 57ms
 GET /api/auth/session 200 in 36ms
 GET /api/auth/session 200 in 58ms
 ✓ Compiled in 934ms (1215 modules)
[?25h
