  ▲ Next.js 14.2.28
  - Environments: .env
  - Experiments (use with caution):
    · outputFileTracingRoot

   Creating an optimized production build ...
 ✓ Compiled successfully
   Skipping linting
   Checking validity of types ...
   Collecting page data ...
   Generating static pages (0/24) ...
   Generating static pages (6/24) 
   Generating static pages (12/24) 
   Generating static pages (18/24) 
 ✓ Generating static pages (24/24)
   Finalizing page optimization ...
   Collecting build traces ...

Route (app)                              Size     First Load JS
┌ ○ /                                    755 B          97.7 kB
├ ○ /_not-found                          873 B          88.1 kB
├ ƒ /api/auth/[...nextauth]              0 B                0 B
├ ƒ /api/generate-prompt                 0 B                0 B
├ ○ /api/health                          0 B                0 B
├ ƒ /api/signup                          0 B                0 B
├ ○ /dashboard                           4.08 kB         108 kB
├ ○ /database                            6.6 kB          125 kB
├ ○ /generate-prd                        3.79 kB         122 kB
├ ○ /generate-prompt                     6.79 kB         125 kB
├ ○ /idea-catalog                        4.87 kB         124 kB
├ ○ /ideias                              4.1 kB          123 kB
├ ○ /login                               2.5 kB          116 kB
├ ○ /my-documents                        4.93 kB         132 kB
├ ○ /paletas                             3.76 kB          99 kB
├ ○ /prd                                 5.13 kB         124 kB
├ ○ /projetos                            3.29 kB        98.5 kB
├ ○ /prompts                             5.52 kB         124 kB
├ ○ /showcase                            10.9 kB         130 kB
├ ○ /signup                              2.75 kB         116 kB
├ ○ /super-prompt                        8.41 kB         127 kB
├ ○ /vendas                              3.15 kB        98.4 kB
└ ○ /workflows                           3.49 kB        98.7 kB
+ First Load JS shared by all            87.2 kB
  ├ chunks/117-3c23e71845dcf945.js       31.6 kB
  ├ chunks/fd9d1056-9e191f0896c1d560.js  53.6 kB
  └ other shared chunks (total)          1.96 kB


○  (Static)   prerendered as static content
ƒ  (Dynamic)  server-rendered on demand

exit_code=0
