  ▲ Next.js 14.2.28
  - Local:        http://localhost:3000
  - Environments: .env
  - Experiments (use with caution):
    · outputFileTracingRoot

 ✓ Starting...
 ✓ Ready in 1321ms
 ○ Compiling / ...
 ✓ Compiled / in 1337ms (545 modules)
 GET / 200 in 1657ms
 ✓ Compiled in 345ms (280 modules)
 GET / 200 in 42ms
 GET / 200 in 32ms
 GET / 200 in 30ms
 GET / 200 in 33ms
 ○ Compiling /api/auth/[...nextauth] ...
 ✓ Compiled /api/auth/[...nextauth] in 741ms (506 modules)
 GET /api/auth/session 200 in 1185ms
 GET /api/auth/session 200 in 43ms
 ○ Compiling /login ...
 ✓ Compiled /login in 794ms (856 modules)
 GET / 200 in 69ms
 GET / 200 in 31ms
 GET / 200 in 27ms
 GET /api/auth/session 200 in 38ms
 GET /api/auth/session 200 in 22ms
 GET / 200 in 32ms
 GET / 200 in 33ms
 GET / 200 in 31ms
 GET / 200 in 28ms
 GET / 200 in 30ms
 GET / 200 in 28ms
 GET / 200 in 38ms
 GET / 200 in 33ms
 GET / 200 in 34ms
 GET / 200 in 30ms
 GET / 200 in 27ms
 GET / 200 in 29ms
 GET / 200 in 32ms
 GET / 200 in 28ms
 GET / 200 in 24ms
 GET / 200 in 31ms
 GET / 200 in 28ms
 GET / 200 in 30ms
 GET / 200 in 32ms
 GET / 200 in 28ms
 GET / 200 in 28ms
 GET / 200 in 26ms
 GET / 200 in 29ms
 GET / 200 in 32ms
 GET / 200 in 31ms
 GET / 200 in 35ms
 GET / 200 in 32ms
 GET / 200 in 32ms
 GET / 200 in 29ms
