  ▲ Next.js 14.2.28
  - Local:        http://localhost:3000
  - Environments: .env
  - Experiments (use with caution):
    · outputFileTracingRoot

 ✓ Starting...
 ✓ Ready in 1289ms
 ○ Compiling / ...
 ✓ Compiled / in 1944ms (545 modules)
 GET / 200 in 2294ms
 ✓ Compiled in 398ms (280 modules)
 ✓ Compiled /api/auth/[...nextauth] in 438ms (506 modules)
 GET /api/auth/providers 200 in 912ms
 GET / 200 in 71ms
 GET /api/auth/session 200 in 35ms
 GET /api/auth/session 200 in 23ms
 ○ Compiling /vendas ...
 ✓ Compiled /vendas in 597ms (808 modules)
 GET /api/auth/csrf 200 in 62ms
 ✓ Compiled /api/signup in 205ms (550 modules)
 POST /api/signup 200 in 740ms
 GET / 200 in 71ms
 GET /api/auth/csrf 200 in 52ms
 POST /api/auth/callback/credentials 302 in 324ms
 ✓ Compiled /dashboard in 459ms (941 modules)
 GET /dashboard 200 in 590ms
 GET / 200 in 37ms
 GET /dashboard 200 in 46ms
 GET /api/auth/session 200 in 52ms
 GET /api/auth/session 200 in 23ms
 GET /api/auth/session 200 in 24ms
 GET /api/auth/session 200 in 26ms
 GET /api/auth/session 200 in 26ms
 ○ Compiling /idea-catalog ...
 ✓ Compiled /idea-catalog in 1229ms (1185 modules)
 GET /ideias 404 in 1622ms
 GET /prompts 404 in 1613ms
 GET /paletas 404 in 1640ms
 GET /database 404 in 1623ms
 GET /workflows 404 in 1623ms
 GET /projetos 404 in 1602ms
 GET /prd 404 in 1603ms
 GET /idea-catalog 200 in 1620ms
 GET /generate-prd 200 in 1667ms
 GET /super-prompt 200 in 1648ms
 GET /showcase 200 in 1622ms
 GET /my-documents 200 in 1639ms
 GET /generate-prompt 200 in 1650ms
 GET /api/auth/session 200 in 129ms
 GET /api/auth/session 200 in 55ms
 GET /api/auth/session 200 in 36ms
 GET /api/auth/session 200 in 33ms
 GET /api/auth/session 200 in 48ms
 GET /api/auth/session 200 in 70ms
 GET /api/auth/session 200 in 27ms
 GET /api/auth/session 200 in 35ms
 GET /api/auth/session 200 in 22ms
 GET /api/auth/session 200 in 23ms
 GET /api/auth/session 200 in 25ms
 GET /api/auth/session 200 in 31ms
 GET /api/auth/session 200 in 22ms
 GET /api/auth/session 200 in 23ms
 GET /api/auth/session 200 in 26ms
 GET /api/auth/session 200 in 24ms
 GET /api/auth/session 200 in 20ms
 GET /api/auth/session 200 in 44ms
 GET /api/auth/session 200 in 35ms
 GET /api/auth/session 200 in 50ms
 GET /api/auth/session 200 in 45ms
 GET /api/auth/session 200 in 45ms
 GET /api/auth/session 200 in 45ms
 GET /api/auth/session 200 in 87ms
 GET /api/auth/session 200 in 89ms
 GET /api/auth/session 200 in 86ms
 GET /api/auth/session 200 in 88ms
 GET /api/auth/session 200 in 87ms
 GET /api/auth/session 200 in 86ms
 GET /api/auth/session 200 in 82ms
 GET /api/auth/session 200 in 99ms
 GET /api/auth/session 200 in 96ms
 ✓ Compiled in 1022ms (462 modules)
 ✓ Compiled in 827ms (462 modules)
 ✓ Compiled in 821ms (462 modules)
 ✓ Compiled in 429ms (462 modules)
 ✓ Compiled in 391ms (462 modules)
 ✓ Compiled in 344ms (462 modules)
 ✓ Compiled in 324ms (462 modules)
[?25h
