  ▲ Next.js 14.2.28
  - Local:        http://localhost:3000
  - Environments: .env
  - Experiments (use with caution):
    · outputFileTracingRoot

 ✓ Starting...
 ✓ Ready in 1971ms
 ○ Compiling / ...
 ✓ Compiled / in 2.4s (552 modules)
 GET / 200 in 2438ms
 ✓ Compiled in 357ms (280 modules)
 ○ Compiling /api/auth/[...nextauth] ...
 ✓ Compiled /api/auth/[...nextauth] in 621ms (506 modules)
 GET /api/auth/providers 200 in 1067ms
 GET / 200 in 58ms
 GET /api/auth/session 200 in 30ms
 GET /api/auth/session 200 in 20ms
 ○ Compiling /login ...
 ✓ Compiled /login in 504ms (856 modules)
 ✓ Compiled /signup in 274ms (862 modules)
 GET /signup 200 in 364ms
 GET /api/auth/session 200 in 43ms
 GET /api/auth/session 200 in 19ms
 GET /login 200 in 38ms
 GET /api/auth/session 200 in 28ms
 GET /api/auth/session 200 in 15ms
 GET /api/auth/csrf 200 in 31ms
 ✓ Compiled /api/signup in 279ms (578 modules)
 POST /api/signup 200 in 718ms
 GET / 200 in 66ms
 GET /api/auth/csrf 200 in 48ms
 POST /api/auth/callback/credentials 302 in 295ms
 ○ Compiling /dashboard ...
 ✓ Compiled /dashboard in 523ms (962 modules)
 GET /dashboard 200 in 600ms
 GET / 200 in 33ms
 GET /dashboard 200 in 37ms
 GET /api/auth/session 200 in 44ms
 GET /api/auth/session 200 in 24ms
 GET /api/auth/session 200 in 21ms
 GET /api/auth/session 200 in 20ms
 GET /api/auth/session 200 in 28ms
 ○ Compiling /showcase ...
 ✓ Compiled /showcase in 1556ms (1203 modules)
 GET /generate-prompt 200 in 1824ms
 GET /my-documents 200 in 1816ms
 GET /idea-catalog 200 in 1815ms
 GET /super-prompt 200 in 1810ms
 GET /showcase 200 in 1808ms
 GET /generate-prd 200 in 1826ms
 GET /api/auth/session 200 in 84ms
 GET /api/auth/session 200 in 17ms
 GET /api/auth/session 200 in 20ms
 GET /api/auth/session 200 in 18ms
 GET /api/auth/session 200 in 19ms
 GET /api/auth/session 200 in 17ms
 GET /api/auth/session 200 in 16ms
 GET /api/auth/session 200 in 31ms
 GET /api/auth/session 200 in 18ms
 GET /api/auth/session 200 in 18ms
 GET /api/auth/session 200 in 17ms
 GET /api/auth/session 200 in 20ms
 GET /api/auth/session 200 in 18ms
 GET /api/auth/session 200 in 29ms
 GET /api/auth/session 200 in 19ms
 GET /api/auth/session 200 in 17ms
 GET /api/auth/session 200 in 19ms
 GET /api/auth/session 200 in 28ms
 GET /api/auth/session 200 in 28ms
 GET /api/auth/session 200 in 30ms
 GET /api/auth/session 200 in 17ms
 GET /api/auth/session 200 in 18ms
 ✓ Compiled in 730ms (1215 modules)
 ✓ Compiled in 504ms (1215 modules)
[?25h
