  ▲ Next.js 14.2.28
  - Environments: .env
  - Experiments (use with caution):
    · outputFileTracingRoot

   Creating an optimized production build ...
 ✓ Compiled successfully
   Skipping linting
   Checking validity of types ...
   Collecting page data ...
   Generating static pages (0/8) ...
   Generating static pages (2/8) 
   Generating static pages (4/8) 
   Generating static pages (6/8) 
 ✓ Generating static pages (8/8)
   Finalizing page optimization ...
   Collecting build traces ...

Route (app)                              Size     First Load JS
┌ ○ /                                    613 B          97.5 kB
├ ○ /_not-found                          872 B          88.1 kB
├ ƒ /api/auth/[...nextauth]              0 B                0 B
├ ƒ /api/signup                          0 B                0 B
├ ○ /dashboard                           3.26 kB         107 kB
├ ○ /login                               2.49 kB         116 kB
└ ○ /signup                              2.75 kB         116 kB
+ First Load JS shared by all            87.2 kB
  ├ chunks/156-ad1a84fd96b258e4.js       31.7 kB
  ├ chunks/ceb5afef-8a5a3a43e5ed9307.js  53.6 kB
  └ other shared chunks (total)          1.95 kB


○  (Static)   prerendered as static content
ƒ  (Dynamic)  server-rendered on demand

exit_code=0
