  ▲ Next.js 14.2.28
  - Environments: .env
  - Experiments (use with caution):
    · outputFileTracingRoot

   Creating an optimized production build ...
 ✓ Compiled successfully
   Skipping linting
   Checking validity of types ...
   Collecting page data ...
   Generating static pages (0/17) ...
   Generating static pages (4/17) 
   Generating static pages (8/17) 
   Generating static pages (12/17) 
 ✓ Generating static pages (17/17)
   Finalizing page optimization ...
   Collecting build traces ...

Route (app)                              Size     First Load JS
┌ ○ /                                    754 B          97.7 kB
├ ○ /_not-found                          872 B          88.1 kB
├ ƒ /api/auth/[...nextauth]              0 B                0 B
├ ƒ /api/generate-prompt                 0 B                0 B
├ ○ /api/health                          0 B                0 B
├ ƒ /api/signup                          0 B                0 B
├ ○ /dashboard                           4.05 kB         108 kB
├ ○ /generate-prd                        3.79 kB         122 kB
├ ○ /generate-prompt                     6.77 kB         125 kB
├ ○ /idea-catalog                        4.87 kB         124 kB
├ ○ /login                               2.49 kB         116 kB
├ ○ /my-documents                        4.94 kB         132 kB
├ ○ /showcase                            10.9 kB         130 kB
├ ○ /signup                              2.75 kB         116 kB
├ ○ /super-prompt                        8.41 kB         127 kB
└ ○ /vendas                              3.04 kB        98.3 kB
+ First Load JS shared by all            87.2 kB
  ├ chunks/156-3b081fa87b237536.js       31.7 kB
  ├ chunks/ceb5afef-ae318d8f5c589522.js  53.6 kB
  └ other shared chunks (total)          1.96 kB


○  (Static)   prerendered as static content
ƒ  (Dynamic)  server-rendered on demand

exit_code=0
