  ▲ Next.js 14.2.28
  - Local:        http://localhost:3000
  - Environments: .env
  - Experiments (use with caution):
    · outputFileTracingRoot

 ✓ Starting...
 ✓ Ready in 1408ms
 ○ Compiling / ...
 ✓ Compiled / in 1624ms (545 modules)
 GET / 200 in 1960ms
 ✓ Compiled in 383ms (280 modules)
 ✓ Compiled /api/auth/[...nextauth] in 369ms (506 modules)
 GET /api/auth/providers 200 in 827ms
 GET / 200 in 62ms
 GET /api/auth/session 200 in 31ms
 ○ Compiling /login ...
 ✓ Compiled /login in 514ms (856 modules)
 GET /api/auth/session 200 in 610ms
 ✓ Compiled /signup in 343ms (862 modules)
 GET /signup 200 in 433ms
 GET /api/auth/session 200 in 44ms
 GET /api/auth/session 200 in 25ms
 GET /login 200 in 41ms
 GET /api/auth/session 200 in 32ms
 GET /api/auth/session 200 in 21ms
 GET /api/auth/csrf 200 in 29ms
 ✓ Compiled /api/signup in 234ms (578 modules)
 POST /api/signup 200 in 701ms
 GET / 200 in 57ms
 GET /api/auth/csrf 200 in 40ms
 POST /api/auth/callback/credentials 302 in 303ms
 ○ Compiling /dashboard ...
 ✓ Compiled /dashboard in 583ms (962 modules)
 GET /dashboard 200 in 679ms
 GET / 200 in 34ms
 GET /dashboard 200 in 50ms
 GET /api/auth/session 200 in 50ms
 GET /api/auth/session 200 in 20ms
 GET /api/auth/session 200 in 19ms
 GET /api/auth/session 200 in 20ms
 GET /api/auth/session 200 in 21ms
 ○ Compiling /idea-catalog ...
 ✓ Compiled /idea-catalog in 1626ms (1203 modules)
 GET /idea-catalog 200 in 1898ms
 GET /generate-prompt 200 in 1917ms
 GET /my-documents 200 in 1911ms
 GET /showcase 200 in 1909ms
 GET /super-prompt 200 in 1910ms
 GET /generate-prd 200 in 1919ms
 GET /api/auth/session 200 in 286ms
 GET /api/auth/session 200 in 50ms
 GET /api/auth/session 200 in 20ms
 GET /api/auth/session 200 in 20ms
 GET /api/auth/session 200 in 115ms
 GET /api/auth/session 200 in 25ms
 GET /api/auth/session 200 in 25ms
 GET /api/auth/session 200 in 24ms
 GET /api/auth/session 200 in 31ms
 GET /api/auth/session 200 in 26ms
 GET /api/auth/session 200 in 70ms
 GET /api/auth/session 200 in 19ms
 GET /api/auth/session 200 in 25ms
 GET /api/auth/session 200 in 30ms
 GET / 200 in 44ms
 GET / 200 in 34ms
 GET /api/auth/session 200 in 37ms
 GET /api/auth/session 200 in 41ms
 GET / 200 in 42ms
 GET / 200 in 38ms
 GET / 200 in 32ms
 GET / 200 in 33ms
 GET / 200 in 39ms
 GET / 200 in 32ms
 GET / 200 in 45ms
 GET / 200 in 40ms
 GET / 200 in 38ms
 GET / 200 in 35ms
 GET / 200 in 30ms
 GET / 200 in 31ms
 GET / 200 in 42ms
 GET / 200 in 34ms
 GET / 200 in 33ms
 GET / 200 in 33ms
 GET / 200 in 36ms
 GET / 200 in 35ms
 GET / 200 in 29ms
 GET / 200 in 40ms
 GET / 200 in 33ms
 GET / 200 in 35ms
 GET / 200 in 33ms
 GET / 200 in 36ms
 GET / 200 in 40ms
 GET / 200 in 30ms
 GET / 200 in 33ms
 GET / 200 in 31ms
 GET / 200 in 39ms
 GET / 200 in 36ms
 GET / 200 in 38ms
 GET / 200 in 35ms
